0 info it worked if it ends with ok
1 verbose cli [ 'C:\\Program Files\\nodejs\\node.exe',
1 verbose cli   'C:\\Program Files\\nodejs\\node_modules\\npm\\bin\\npm-cli.js',
1 verbose cli   'publish' ]
2 info using npm@3.10.3
3 info using node@v6.4.0
4 verbose publish [ '.' ]
5 silly cache add args [ '.', null ]
6 verbose cache add spec .
7 silly cache add parsed spec Result {
7 silly cache add   raw: '.',
7 silly cache add   scope: null,
7 silly cache add   escapedName: null,
7 silly cache add   name: null,
7 silly cache add   rawSpec: '.',
7 silly cache add   spec: 'C:\\Users\\Theodore Barnett\\Documents\\GitHub\\node-red-contrib-punctuate',
7 silly cache add   type: 'directory' }
8 verbose addLocalDirectory C:\Users\Theodore Barnett\AppData\Roaming\npm-cache\node-red-contrib-punctuate\0.0.1\package.tgz not in flight; packing
9 verbose correctMkdir C:\Users\Theodore Barnett\AppData\Roaming\npm-cache correctMkdir not in flight; initializing
10 info lifecycle node-red-contrib-punctuate@0.0.1~prepublish: node-red-contrib-punctuate@0.0.1
11 silly lifecycle node-red-contrib-punctuate@0.0.1~prepublish: no script for prepublish, continuing
12 verbose tar pack [ 'C:\\Users\\Theodore Barnett\\AppData\\Roaming\\npm-cache\\node-red-contrib-punctuate\\0.0.1\\package.tgz',
12 verbose tar pack   'C:\\Users\\Theodore Barnett\\Documents\\GitHub\\node-red-contrib-punctuate' ]
13 verbose tarball C:\Users\Theodore Barnett\AppData\Roaming\npm-cache\node-red-contrib-punctuate\0.0.1\package.tgz
14 verbose folder C:\Users\Theodore Barnett\Documents\GitHub\node-red-contrib-punctuate
15 verbose addLocalTarball adding from inside cache C:\Users\Theodore Barnett\AppData\Roaming\npm-cache\node-red-contrib-punctuate\0.0.1\package.tgz
16 verbose correctMkdir C:\Users\Theodore Barnett\AppData\Roaming\npm-cache correctMkdir not in flight; initializing
17 silly cache afterAdd node-red-contrib-punctuate@0.0.1
18 verbose afterAdd C:\Users\Theodore Barnett\AppData\Roaming\npm-cache\node-red-contrib-punctuate\0.0.1\package\package.json not in flight; writing
19 verbose correctMkdir C:\Users\Theodore Barnett\AppData\Roaming\npm-cache correctMkdir not in flight; initializing
20 verbose afterAdd C:\Users\Theodore Barnett\AppData\Roaming\npm-cache\node-red-contrib-punctuate\0.0.1\package\package.json written
21 silly publish { name: 'node-red-contrib-punctuate',
21 silly publish   version: '0.0.1',
21 silly publish   description: 'A Node-RED node to punctuate text',
21 silly publish   main: 'index.js',
21 silly publish   scripts: { test: 'echo "Error: no test specified" && exit 1' },
21 silly publish   keywords: [ 'punctuation', 'nodered', 'node-red', 'punctuate' ],
21 silly publish   author: { name: 'Ted Barnett' },
21 silly publish   license: 'ISC',
21 silly publish   'node-red': { nodes: { punctuate: 'punctuate/punctuate.js' } },
21 silly publish   readme: '## node-red-contrib-punctuate\r\n\r\nnode-red packaged node that punctuates a text string (msg.transcription)\r\n',
21 silly publish   readmeFilename: 'README.md',
21 silly publish   gitHead: '3f06adc39ad001dac558a114424699da59d2dab0',
21 silly publish   _id: 'node-red-contrib-punctuate@0.0.1',
21 silly publish   _shasum: 'd3d0bf44e72cefb09a020cdac3e43c466fb50831',
21 silly publish   _from: '.' }
22 verbose getPublishConfig undefined
23 silly mapToRegistry name node-red-contrib-punctuate
24 silly mapToRegistry using default registry
25 silly mapToRegistry registry https://registry.npmjs.org/
26 silly mapToRegistry data Result {
26 silly mapToRegistry   raw: 'node-red-contrib-punctuate',
26 silly mapToRegistry   scope: null,
26 silly mapToRegistry   escapedName: 'node-red-contrib-punctuate',
26 silly mapToRegistry   name: 'node-red-contrib-punctuate',
26 silly mapToRegistry   rawSpec: '',
26 silly mapToRegistry   spec: 'latest',
26 silly mapToRegistry   type: 'tag' }
27 silly mapToRegistry uri https://registry.npmjs.org/node-red-contrib-punctuate
28 verbose publish registryBase https://registry.npmjs.org/
29 silly publish uploading C:\Users\Theodore Barnett\AppData\Roaming\npm-cache\node-red-contrib-punctuate\0.0.1\package.tgz
30 verbose request uri https://registry.npmjs.org/node-red-contrib-punctuate
31 verbose request sending authorization for write operation
32 info attempt registry request try #1 at 12:52:50 PM
33 verbose request using bearer token for auth
34 verbose request id 78f16f9db236e7d7
35 http request PUT https://registry.npmjs.org/node-red-contrib-punctuate
36 http 403 https://registry.npmjs.org/node-red-contrib-punctuate
37 verbose headers { 'content-type': 'application/json',
37 verbose headers   'cache-control': 'max-age=300',
37 verbose headers   'content-length': '95',
37 verbose headers   'accept-ranges': 'bytes',
37 verbose headers   date: 'Tue, 23 Aug 2016 19:52:49 GMT',
37 verbose headers   via: '1.1 varnish',
37 verbose headers   connection: 'keep-alive',
37 verbose headers   'x-served-by': 'cache-sjc3125-SJC',
37 verbose headers   'x-cache': 'MISS',
37 verbose headers   'x-cache-hits': '0',
37 verbose headers   'x-timer': 'S1471981969.541453,VS0,VE116',
37 verbose headers   vary: 'Accept-Encoding' }
38 verbose request invalidating C:\Users\Theodore Barnett\AppData\Roaming\npm-cache\registry.npmjs.org\node-red-contrib-punctuate on PUT
39 error publish Failed PUT 403
40 verbose stack Error: "You cannot publish over the previously published version 0.0.1." : node-red-contrib-punctuate
40 verbose stack     at makeError (C:\Program Files\nodejs\node_modules\npm\node_modules\npm-registry-client\lib\request.js:264:12)
40 verbose stack     at CachingRegistryClient.<anonymous> (C:\Program Files\nodejs\node_modules\npm\node_modules\npm-registry-client\lib\request.js:252:14)
40 verbose stack     at Request._callback (C:\Program Files\nodejs\node_modules\npm\node_modules\npm-registry-client\lib\request.js:172:14)
40 verbose stack     at Request.self.callback (C:\Program Files\nodejs\node_modules\npm\node_modules\request\request.js:200:22)
40 verbose stack     at emitTwo (events.js:106:13)
40 verbose stack     at Request.emit (events.js:191:7)
40 verbose stack     at Request.<anonymous> (C:\Program Files\nodejs\node_modules\npm\node_modules\request\request.js:1067:10)
40 verbose stack     at emitOne (events.js:101:20)
40 verbose stack     at Request.emit (events.js:188:7)
40 verbose stack     at IncomingMessage.<anonymous> (C:\Program Files\nodejs\node_modules\npm\node_modules\request\request.js:988:12)
41 verbose statusCode 403
42 verbose pkgid node-red-contrib-punctuate
43 verbose cwd C:\Users\Theodore Barnett\Documents\GitHub\node-red-contrib-punctuate
44 error Windows_NT 10.0.10586
45 error argv "C:\\Program Files\\nodejs\\node.exe" "C:\\Program Files\\nodejs\\node_modules\\npm\\bin\\npm-cli.js" "publish"
46 error node v6.4.0
47 error npm  v3.10.3
48 error code E403
49 error "You cannot publish over the previously published version 0.0.1." : node-red-contrib-punctuate
50 error If you need help, you may report this error at:
50 error     <https://github.com/npm/npm/issues>
51 verbose exit [ 1, true ]
